<?xml version="1.0" encoding="UTF-8"?>
<!-- Generated by org.testng.reporters.JUnitXMLReporter -->
<testsuite hostname="ZSFGJ9MBD2T4V3U" name="Default test(failed)" tests="1" failures="1" timestamp="19 Oct 2019 17:28:26 GMT" time="2.241" errors="0">
  <testcase name="@AfterTest end" time="0.0" classname="com.newsapp.apptest.TestZaoBao">
    <failure type="java.lang.NullPointerException">
      <![CDATA[java.lang.NullPointerException
	at com.newsapp.apptest.TestZaoBao.end(TestZaoBao.java:129)
... Removed 22 stack frames]]>
    </failure>
  </testcase> <!-- @AfterTest end -->
  <testcase name="test" time="0.012" classname="com.newsapp.apptest.TestZaoBao">
    <failure type="java.lang.NullPointerException">
      <![CDATA[java.lang.NullPointerException
	at com.newsapp.apptest.TestZaoBao.test(TestZaoBao.java:59)
... Removed 24 stack frames]]>
    </failure>
  </testcase> <!-- test -->
</testsuite> <!-- Default test(failed) -->
