<?xml version="1.0" encoding="UTF-8"?>
<!-- Generated by org.testng.reporters.JUnitXMLReporter -->
<testsuite hostname="ZSFGJ9MBD2T4V3U" name="Default test(failed)(failed)" tests="1" failures="1" timestamp="19 Oct 2019 17:16:11 GMT" time="2.103" errors="0">
  <testcase name="@AfterMethod end" time="0.0" classname="com.newsapp.apptest.TestZaoBao">
    <failure type="java.lang.NullPointerException">
      <![CDATA[java.lang.NullPointerException
	at com.newsapp.apptest.TestZaoBao.end(TestZaoBao.java:127)
... Removed 26 stack frames]]>
    </failure>
  </testcase> <!-- @AfterMethod end -->
  <testcase name="test" time="0.01" classname="com.newsapp.apptest.TestZaoBao">
    <failure type="java.lang.NullPointerException">
      <![CDATA[java.lang.NullPointerException
	at com.newsapp.apptest.TestZaoBao.test(TestZaoBao.java:57)
... Removed 24 stack frames]]>
    </failure>
  </testcase> <!-- test -->
</testsuite> <!-- Default test(failed)(failed) -->
