<?xml version="1.0" encoding="UTF-8"?>
<testng-results skipped="0" failed="0" total="1" passed="1">
  <reporter-output>
  </reporter-output>
  <suite name="Default suite" duration-ms="41384" started-at="2019-10-20T13:11:02Z" finished-at="2019-10-20T13:11:43Z">
    <groups>
    </groups>
    <test name="Default test" duration-ms="41384" started-at="2019-10-20T13:11:02Z" finished-at="2019-10-20T13:11:43Z">
      <class name="com.newsapp.apptest.TestZaoBao">
        <test-method status="PASS" signature="init()[pri:0, instance:com.newsapp.apptest.TestZaoBao@58ceff1]" name="init" is-config="true" duration-ms="12727" started-at="2019-10-20T21:11:02Z" finished-at="2019-10-20T21:11:14Z">
          <reporter-output>
          </reporter-output>
        </test-method> <!-- init -->
        <test-method status="PASS" signature="test()[pri:0, instance:com.newsapp.apptest.TestZaoBao@58ceff1]" name="test" duration-ms="24914" started-at="2019-10-20T21:11:14Z" finished-at="2019-10-20T21:11:39Z">
          <reporter-output>
          </reporter-output>
        </test-method> <!-- test -->
        <test-method status="PASS" signature="end()[pri:0, instance:com.newsapp.apptest.TestZaoBao@58ceff1]" name="end" is-config="true" duration-ms="3728" started-at="2019-10-20T21:11:39Z" finished-at="2019-10-20T21:11:43Z">
          <reporter-output>
          </reporter-output>
        </test-method> <!-- end -->
      </class> <!-- com.newsapp.apptest.TestZaoBao -->
    </test> <!-- Default test -->
  </suite> <!-- Default suite -->
</testng-results>
